<?xml version="1.0" encoding="UTF-8"?>
<testsuite xmlns:xsi="http://www.w3.org/2001/XMLSchema-instance" xsi:noNamespaceSchemaLocation="https://maven.apache.org/surefire/maven-surefire-plugin/xsd/surefire-test-report-3.0.xsd" version="3.0" name="Test_Add_Product_To_Cart" time="76.15" tests="6" errors="0" skipped="0" failures="0">
  <properties>
[...]
</properties>
  <testcase name="go_to_login" classname="Test_Add_Product_To_Cart" time="3.923">
    <system-out><![CDATA[2021-05-23 09:11:49 INFO  class:22 - Tarayici Acildi.
2021-05-23 09:11:57 INFO  class:26 - Site Acildi.
2021-05-23 09:11:57 INFO  class:28 - Tam Ekran Yapildi.
2021-05-23 09:11:58 INFO  class:25 - Cerez Bildirimi Kapandi.
2021-05-23 09:12:01 INFO  class:27 - Uye Girisi Sayfasina Gidildi.
]]></system-out>
    <system-err><![CDATA[SLF4J: Failed to load class "org.slf4j.impl.StaticLoggerBinder".
SLF4J: Defaulting to no-operation (NOP) logger implementation
SLF4J: See http://www.slf4j.org/codes.html#StaticLoggerBinder for further details.
Starting ChromeDriver 90.0.4430.24 (4c6d850f087da467d926e8eddb76550aed655991-refs/branch-heads/4430@{#429}) on port 45677
Only local connections are allowed.
Please see https://chromedriver.chromium.org/security-considerations for suggestions on keeping ChromeDriver safe.
ChromeDriver was started successfully.
May 23, 2021 9:11:48 ÖÖ org.openqa.selenium.remote.ProtocolHandshake createSession
INFO: Detected dialect: W3C
]]></system-err>
  </testcase>
  <testcase name="user_login" classname="Test_Add_Product_To_Cart" time="10.238">
    <system-out><![CDATA[2021-05-23 09:12:11 INFO  class:43 - Kullanici Girisi Yapildi.
]]></system-out>
  </testcase>
  <testcase name="search_a_product" classname="Test_Add_Product_To_Cart" time="14.793">
    <system-out><![CDATA[2021-05-23 09:12:19 INFO  class:54 - Bilgisayar Kelimesi Arandi.
2021-05-23 09:12:26 INFO  class:58 - 2. Sayfa Acildi.
]]></system-out>
  </testcase>
  <testcase name="select_a_product" classname="Test_Add_Product_To_Cart" time="5.351">
    <system-out><![CDATA[2021-05-23 09:12:31 INFO  class:71 - Rastgele Bir Urun Secildi.
]]></system-out>
  </testcase>
  <testcase name="add_product_to_cart" classname="Test_Add_Product_To_Cart" time="2.634">
    <system-out><![CDATA[2021-05-23 09:12:34 INFO  class:80 - Urun Sepete Eklendi.
]]></system-out>
  </testcase>
  <testcase name="go_to_cart" classname="Test_Add_Product_To_Cart" time="13.683">
    <system-out><![CDATA[2021-05-23 09:12:37 INFO  class:91 - Fiyat Karsilastirildi.
2021-05-23 09:12:42 INFO  class:96 - urun Sayisi Karsilastirildi.
2021-05-23 09:12:46 INFO  class:102 - Urunler Silindi.
]]></system-out>
  </testcase>
</testsuite>